{"meta": {"format": 3, "version": "7.6.12", "timestamp": "2026-01-04T15:54:52.739321", "branch_coverage": false, "show_contexts": false}, "files": {"src/digraphx/__init__.py": {"executed_lines": [], "summary": {"covered_lines": 0, "num_statements": 6, "percent_covered": 0.0, "percent_covered_display": "0", "missing_lines": 6, "excluded_lines": 4}, "missing_lines": [1, 3, 9, 11, 12, 16], "excluded_lines": [5, 7, 13, 14], "functions": {"": {"executed_lines": [], "summary": {"covered_lines": 0, "num_statements": 6, "percent_covered": 0.0, "percent_covered_display": "0", "missing_lines": 6, "excluded_lines": 4}, "missing_lines": [1, 3, 9, 11, 12, 16], "excluded_lines": [5, 7, 13, 14]}}, "classes": {"": {"executed_lines": [], "summary": {"covered_lines": 0, "num_statements": 6, "percent_covered": 0.0, "percent_covered_display": "0", "missing_lines": 6, "excluded_lines": 4}, "missing_lines": [1, 3, 9, 11, 12, 16], "excluded_lines": [5, 7, 13, 14]}}}, "src/digraphx/min_cycle_ratio.py": {"executed_lines": [], "summary": {"covered_lines": 0, "num_statements": 32, "percent_covered": 0.0, "percent_covered_display": "0", "missing_lines": 32, "excluded_lines": 0}, "missing_lines": [47, 48, 50, 51, 53, 56, 57, 59, 60, 63, 100, 101, 102, 103, 106, 113, 128, 129, 131, 156, 158, 181, 182, 183, 186, 209, 216, 218, 239, 242, 243, 244], "excluded_lines": [], "functions": {"set_default": {"executed_lines": [], "summary": {"covered_lines": 0, "num_statements": 4, "percent_covered": 0.0, "percent_covered_display": "0", "missing_lines": 4, "excluded_lines": 0}, "missing_lines": [100, 101, 102, 103], "excluded_lines": []}, "CycleRatioAPI.__init__": {"executed_lines": [], "summary": {"covered_lines": 0, "num_statements": 2, "percent_covered": 0.0, "percent_covered_display": "0", "missing_lines": 2, "excluded_lines": 0}, "missing_lines": [128, 129], "excluded_lines": []}, "CycleRatioAPI.distance": {"executed_lines": [], "summary": {"covered_lines": 0, "num_statements": 1, "percent_covered": 0.0, "percent_covered_display": "0", "missing_lines": 1, "excluded_lines": 0}, "missing_lines": [156], "excluded_lines": []}, "CycleRatioAPI.zero_cancel": {"executed_lines": [], "summary": {"covered_lines": 0, "num_statements": 3, "percent_covered": 0.0, "percent_covered_display": "0", "missing_lines": 3, "excluded_lines": 0}, "missing_lines": [181, 182, 183], "excluded_lines": []}, "MinCycleRatioSolver.__init__": {"executed_lines": [], "summary": {"covered_lines": 0, "num_statements": 1, "percent_covered": 0.0, "percent_covered_display": "0", "missing_lines": 1, "excluded_lines": 0}, "missing_lines": [216], "excluded_lines": []}, "MinCycleRatioSolver.run": {"executed_lines": [], "summary": {"covered_lines": 0, "num_statements": 4, "percent_covered": 0.0, "percent_covered_display": "0", "missing_lines": 4, "excluded_lines": 0}, "missing_lines": [239, 242, 243, 244], "excluded_lines": []}, "": {"executed_lines": [], "summary": {"covered_lines": 0, "num_statements": 17, "percent_covered": 0.0, "percent_covered_display": "0", "missing_lines": 17, "excluded_lines": 0}, "missing_lines": [47, 48, 50, 51, 53, 56, 57, 59, 60, 63, 106, 113, 131, 158, 186, 209, 218], "excluded_lines": []}}, "classes": {"CycleRatioAPI": {"executed_lines": [], "summary": {"covered_lines": 0, "num_statements": 6, "percent_covered": 0.0, "percent_covered_display": "0", "missing_lines": 6, "excluded_lines": 0}, "missing_lines": [128, 129, 156, 181, 182, 183], "excluded_lines": []}, "MinCycleRatioSolver": {"executed_lines": [], "summary": {"covered_lines": 0, "num_statements": 5, "percent_covered": 0.0, "percent_covered_display": "0", "missing_lines": 5, "excluded_lines": 0}, "missing_lines": [216, 239, 242, 243, 244], "excluded_lines": []}, "": {"executed_lines": [], "summary": {"covered_lines": 0, "num_statements": 21, "percent_covered": 0.0, "percent_covered_display": "0", "missing_lines": 21, "excluded_lines": 0}, "missing_lines": [47, 48, 50, 51, 53, 56, 57, 59, 60, 63, 100, 101, 102, 103, 106, 113, 131, 158, 186, 209, 218], "excluded_lines": []}}}, "src/digraphx/min_parmetric_q.py": {"executed_lines": [], "summary": {"covered_lines": 0, "num_statements": 43, "percent_covered": 0.0, "percent_covered_display": "0", "missing_lines": 43, "excluded_lines": 0}, "missing_lines": [42, 43, 44, 46, 49, 50, 53, 54, 55, 70, 72, 73, 85, 88, 102, 121, 122, 124, 153, 156, 157, 160, 161, 162, 163, 166, 169, 171, 172, 174, 177, 178, 179, 180, 181, 182, 183, 186, 187, 190, 191, 192, 194], "excluded_lines": [], "functions": {"MinParametricAPI.distance": {"executed_lines": [], "summary": {"covered_lines": 0, "num_statements": 1, "percent_covered": 0.0, "percent_covered_display": "0", "missing_lines": 1, "excluded_lines": 0}, "missing_lines": [70], "excluded_lines": []}, "MinParametricAPI.zero_cancel": {"executed_lines": [], "summary": {"covered_lines": 0, "num_statements": 1, "percent_covered": 0.0, "percent_covered_display": "0", "missing_lines": 1, "excluded_lines": 0}, "missing_lines": [85], "excluded_lines": []}, "MinParametricSolver.__init__": {"executed_lines": [], "summary": {"covered_lines": 0, "num_statements": 2, "percent_covered": 0.0, "percent_covered_display": "0", "missing_lines": 2, "excluded_lines": 0}, "missing_lines": [121, 122], "excluded_lines": []}, "MinParametricSolver.run": {"executed_lines": [], "summary": {"covered_lines": 0, "num_statements": 24, "percent_covered": 0.0, "percent_covered_display": "0", "missing_lines": 24, "excluded_lines": 0}, "missing_lines": [153, 156, 160, 161, 162, 163, 166, 169, 171, 172, 174, 177, 178, 179, 180, 181, 182, 183, 186, 187, 190, 191, 192, 194], "excluded_lines": []}, "MinParametricSolver.run.get_weight": {"executed_lines": [], "summary": {"covered_lines": 0, "num_statements": 1, "percent_covered": 0.0, "percent_covered_display": "0", "missing_lines": 1, "excluded_lines": 0}, "missing_lines": [157], "excluded_lines": []}, "": {"executed_lines": [], "summary": {"covered_lines": 0, "num_statements": 14, "percent_covered": 0.0, "percent_covered_display": "0", "missing_lines": 14, "excluded_lines": 0}, "missing_lines": [42, 43, 44, 46, 49, 50, 53, 54, 55, 72, 73, 88, 102, 124], "excluded_lines": []}}, "classes": {"MinParametricAPI": {"executed_lines": [], "summary": {"covered_lines": 0, "num_statements": 2, "percent_covered": 0.0, "percent_covered_display": "0", "missing_lines": 2, "excluded_lines": 0}, "missing_lines": [70, 85], "excluded_lines": []}, "MinParametricSolver": {"executed_lines": [], "summary": {"covered_lines": 0, "num_statements": 27, "percent_covered": 0.0, "percent_covered_display": "0", "missing_lines": 27, "excluded_lines": 0}, "missing_lines": [121, 122, 153, 156, 157, 160, 161, 162, 163, 166, 169, 171, 172, 174, 177, 178, 179, 180, 181, 182, 183, 186, 187, 190, 191, 192, 194], "excluded_lines": []}, "": {"executed_lines": [], "summary": {"covered_lines": 0, "num_statements": 14, "percent_covered": 0.0, "percent_covered_display": "0", "missing_lines": 14, "excluded_lines": 0}, "missing_lines": [42, 43, 44, 46, 49, 50, 53, 54, 55, 72, 73, 88, 102, 124], "excluded_lines": []}}}, "src/digraphx/neg_cycle.py": {"executed_lines": [], "summary": {"covered_lines": 0, "num_statements": 61, "percent_covered": 0.0, "percent_covered_display": "0", "missing_lines": 61, "excluded_lines": 0}, "missing_lines": [44, 45, 58, 59, 60, 63, 66, 106, 108, 117, 118, 120, 143, 144, 145, 146, 147, 148, 149, 150, 151, 152, 153, 155, 190, 191, 192, 193, 194, 195, 196, 197, 198, 200, 223, 224, 225, 226, 227, 228, 229, 230, 231, 233, 267, 269, 270, 271, 274, 275, 276, 277, 278, 280, 316, 317, 319, 320, 322, 325, 326], "excluded_lines": [], "functions": {"NegCycleFinder.__init__": {"executed_lines": [], "summary": {"covered_lines": 0, "num_statements": 2, "percent_covered": 0.0, "percent_covered_display": "0", "missing_lines": 2, "excluded_lines": 0}, "missing_lines": [117, 118], "excluded_lines": []}, "NegCycleFinder.find_cycle": {"executed_lines": [], "summary": {"covered_lines": 0, "num_statements": 11, "percent_covered": 0.0, "percent_covered_display": "0", "missing_lines": 11, "excluded_lines": 0}, "missing_lines": [143, 144, 145, 146, 147, 148, 149, 150, 151, 152, 153], "excluded_lines": []}, "NegCycleFinder.relax": {"executed_lines": [], "summary": {"covered_lines": 0, "num_statements": 9, "percent_covered": 0.0, "percent_covered_display": "0", "missing_lines": 9, "excluded_lines": 0}, "missing_lines": [190, 191, 192, 193, 194, 195, 196, 197, 198], "excluded_lines": []}, "NegCycleFinder.cycle_list": {"executed_lines": [], "summary": {"covered_lines": 0, "num_statements": 9, "percent_covered": 0.0, "percent_covered_display": "0", "missing_lines": 9, "excluded_lines": 0}, "missing_lines": [223, 224, 225, 226, 227, 228, 229, 230, 231], "excluded_lines": []}, "NegCycleFinder.is_negative": {"executed_lines": [], "summary": {"covered_lines": 0, "num_statements": 9, "percent_covered": 0.0, "percent_covered_display": "0", "missing_lines": 9, "excluded_lines": 0}, "missing_lines": [267, 269, 270, 271, 274, 275, 276, 277, 278], "excluded_lines": []}, "NegCycleFinder.howard": {"executed_lines": [], "summary": {"covered_lines": 0, "num_statements": 7, "percent_covered": 0.0, "percent_covered_display": "0", "missing_lines": 7, "excluded_lines": 0}, "missing_lines": [316, 317, 319, 320, 322, 325, 326], "excluded_lines": []}, "": {"executed_lines": [], "summary": {"covered_lines": 0, "num_statements": 14, "percent_covered": 0.0, "percent_covered_display": "0", "missing_lines": 14, "excluded_lines": 0}, "missing_lines": [44, 45, 58, 59, 60, 63, 66, 106, 108, 120, 155, 200, 233, 280], "excluded_lines": []}}, "classes": {"NegCycleFinder": {"executed_lines": [], "summary": {"covered_lines": 0, "num_statements": 47, "percent_covered": 0.0, "percent_covered_display": "0", "missing_lines": 47, "excluded_lines": 0}, "missing_lines": [117, 118, 143, 144, 145, 146, 147, 148, 149, 150, 151, 152, 153, 190, 191, 192, 193, 194, 195, 196, 197, 198, 223, 224, 225, 226, 227, 228, 229, 230, 231, 267, 269, 270, 271, 274, 275, 276, 277, 278, 316, 317, 319, 320, 322, 325, 326], "excluded_lines": []}, "": {"executed_lines": [], "summary": {"covered_lines": 0, "num_statements": 14, "percent_covered": 0.0, "percent_covered_display": "0", "missing_lines": 14, "excluded_lines": 0}, "missing_lines": [44, 45, 58, 59, 60, 63, 66, 106, 108, 120, 155, 200, 233, 280], "excluded_lines": []}}}, "src/digraphx/neg_cycle_q.py": {"executed_lines": [], "summary": {"covered_lines": 0, "num_statements": 81, "percent_covered": 0.0, "percent_covered_display": "0", "missing_lines": 81, "excluded_lines": 0}, "missing_lines": [46, 47, 63, 64, 65, 66, 69, 88, 91, 93, 102, 103, 104, 106, 134, 135, 136, 137, 138, 139, 140, 141, 142, 143, 144, 145, 147, 182, 183, 184, 185, 186, 187, 188, 189, 190, 192, 224, 225, 226, 227, 228, 229, 230, 231, 232, 234, 273, 274, 275, 276, 278, 279, 280, 282, 319, 320, 321, 322, 325, 326, 328, 354, 355, 356, 357, 358, 359, 360, 361, 362, 364, 397, 399, 400, 401, 402, 403, 404, 405, 406], "excluded_lines": [], "functions": {"NegCycleFinderQ.__init__": {"executed_lines": [], "summary": {"covered_lines": 0, "num_statements": 3, "percent_covered": 0.0, "percent_covered_display": "0", "missing_lines": 3, "excluded_lines": 0}, "missing_lines": [102, 103, 104], "excluded_lines": []}, "NegCycleFinderQ.find_cycle": {"executed_lines": [], "summary": {"covered_lines": 0, "num_statements": 12, "percent_covered": 0.0, "percent_covered_display": "0", "missing_lines": 12, "excluded_lines": 0}, "missing_lines": [134, 135, 136, 137, 138, 139, 140, 141, 142, 143, 144, 145], "excluded_lines": []}, "NegCycleFinderQ.relax_pred": {"executed_lines": [], "summary": {"covered_lines": 0, "num_statements": 9, "percent_covered": 0.0, "percent_covered_display": "0", "missing_lines": 9, "excluded_lines": 0}, "missing_lines": [182, 183, 184, 185, 186, 187, 188, 189, 190], "excluded_lines": []}, "NegCycleFinderQ.relax_succ": {"executed_lines": [], "summary": {"covered_lines": 0, "num_statements": 9, "percent_covered": 0.0, "percent_covered_display": "0", "missing_lines": 9, "excluded_lines": 0}, "missing_lines": [224, 225, 226, 227, 228, 229, 230, 231, 232], "excluded_lines": []}, "NegCycleFinderQ.howard_pred": {"executed_lines": [], "summary": {"covered_lines": 0, "num_statements": 7, "percent_covered": 0.0, "percent_covered_display": "0", "missing_lines": 7, "excluded_lines": 0}, "missing_lines": [273, 274, 275, 276, 278, 279, 280], "excluded_lines": []}, "NegCycleFinderQ.howard_succ": {"executed_lines": [], "summary": {"covered_lines": 0, "num_statements": 6, "percent_covered": 0.0, "percent_covered_display": "0", "missing_lines": 6, "excluded_lines": 0}, "missing_lines": [319, 320, 321, 322, 325, 326], "excluded_lines": []}, "NegCycleFinderQ.cycle_list": {"executed_lines": [], "summary": {"covered_lines": 0, "num_statements": 9, "percent_covered": 0.0, "percent_covered_display": "0", "missing_lines": 9, "excluded_lines": 0}, "missing_lines": [354, 355, 356, 357, 358, 359, 360, 361, 362], "excluded_lines": []}, "NegCycleFinderQ.is_negative": {"executed_lines": [], "summary": {"covered_lines": 0, "num_statements": 9, "percent_covered": 0.0, "percent_covered_display": "0", "missing_lines": 9, "excluded_lines": 0}, "missing_lines": [397, 399, 400, 401, 402, 403, 404, 405, 406], "excluded_lines": []}, "": {"executed_lines": [], "summary": {"covered_lines": 0, "num_statements": 17, "percent_covered": 0.0, "percent_covered_display": "0", "missing_lines": 17, "excluded_lines": 0}, "missing_lines": [46, 47, 63, 64, 65, 66, 69, 88, 91, 93, 106, 147, 192, 234, 282, 328, 364], "excluded_lines": []}}, "classes": {"NegCycleFinderQ": {"executed_lines": [], "summary": {"covered_lines": 0, "num_statements": 64, "percent_covered": 0.0, "percent_covered_display": "0", "missing_lines": 64, "excluded_lines": 0}, "missing_lines": [102, 103, 104, 134, 135, 136, 137, 138, 139, 140, 141, 142, 143, 144, 145, 182, 183, 184, 185, 186, 187, 188, 189, 190, 224, 225, 226, 227, 228, 229, 230, 231, 232, 273, 274, 275, 276, 278, 279, 280, 319, 320, 321, 322, 325, 326, 354, 355, 356, 357, 358, 359, 360, 361, 362, 397, 399, 400, 401, 402, 403, 404, 405, 406], "excluded_lines": []}, "": {"executed_lines": [], "summary": {"covered_lines": 0, "num_statements": 17, "percent_covered": 0.0, "percent_covered_display": "0", "missing_lines": 17, "excluded_lines": 0}, "missing_lines": [46, 47, 63, 64, 65, 66, 69, 88, 91, 93, 106, 147, 192, 234, 282, 328, 364], "excluded_lines": []}}}, "src/digraphx/parametric.py": {"executed_lines": [], "summary": {"covered_lines": 0, "num_statements": 33, "percent_covered": 0.0, "percent_covered_display": "0", "missing_lines": 33, "excluded_lines": 0}, "missing_lines": [47, 48, 49, 51, 54, 57, 58, 59, 71, 72, 84, 98, 119, 120, 122, 164, 167, 168, 171, 172, 173, 176, 179, 181, 183, 185, 186, 187, 190, 191, 194, 195, 196], "excluded_lines": [], "functions": {"ParametricAPI.distance": {"executed_lines": [], "summary": {"covered_lines": 0, "num_statements": 0, "percent_covered": 100.0, "percent_covered_display": "100", "missing_lines": 0, "excluded_lines": 0}, "missing_lines": [], "excluded_lines": []}, "ParametricAPI.zero_cancel": {"executed_lines": [], "summary": {"covered_lines": 0, "num_statements": 0, "percent_covered": 100.0, "percent_covered_display": "100", "missing_lines": 0, "excluded_lines": 0}, "missing_lines": [], "excluded_lines": []}, "MaxParametricSolver.__init__": {"executed_lines": [], "summary": {"covered_lines": 0, "num_statements": 2, "percent_covered": 0.0, "percent_covered_display": "0", "missing_lines": 2, "excluded_lines": 0}, "missing_lines": [119, 120], "excluded_lines": []}, "MaxParametricSolver.run": {"executed_lines": [], "summary": {"covered_lines": 0, "num_statements": 17, "percent_covered": 0.0, "percent_covered_display": "0", "missing_lines": 17, "excluded_lines": 0}, "missing_lines": [164, 167, 171, 172, 173, 176, 179, 181, 183, 185, 186, 187, 190, 191, 194, 195, 196], "excluded_lines": []}, "MaxParametricSolver.run.get_weight": {"executed_lines": [], "summary": {"covered_lines": 0, "num_statements": 1, "percent_covered": 0.0, "percent_covered_display": "0", "missing_lines": 1, "excluded_lines": 0}, "missing_lines": [168], "excluded_lines": []}, "": {"executed_lines": [], "summary": {"covered_lines": 0, "num_statements": 13, "percent_covered": 0.0, "percent_covered_display": "0", "missing_lines": 13, "excluded_lines": 0}, "missing_lines": [47, 48, 49, 51, 54, 57, 58, 59, 71, 72, 84, 98, 122], "excluded_lines": []}}, "classes": {"ParametricAPI": {"executed_lines": [], "summary": {"covered_lines": 0, "num_statements": 0, "percent_covered": 100.0, "percent_covered_display": "100", "missing_lines": 0, "excluded_lines": 0}, "missing_lines": [], "excluded_lines": []}, "MaxParametricSolver": {"executed_lines": [], "summary": {"covered_lines": 0, "num_statements": 20, "percent_covered": 0.0, "percent_covered_display": "0", "missing_lines": 20, "excluded_lines": 0}, "missing_lines": [119, 120, 164, 167, 168, 171, 172, 173, 176, 179, 181, 183, 185, 186, 187, 190, 191, 194, 195, 196], "excluded_lines": []}, "": {"executed_lines": [], "summary": {"covered_lines": 0, "num_statements": 13, "percent_covered": 0.0, "percent_covered_display": "0", "missing_lines": 13, "excluded_lines": 0}, "missing_lines": [47, 48, 49, 51, 54, 57, 58, 59, 71, 72, 84, 98, 122], "excluded_lines": []}}}, "src/digraphx/tiny_digraph.py": {"executed_lines": [], "summary": {"covered_lines": 0, "num_statements": 27, "percent_covered": 0.0, "percent_covered_display": "0", "missing_lines": 27, "excluded_lines": 15}, "missing_lines": [48, 50, 51, 54, 55, 62, 64, 72, 74, 81, 83, 98, 101, 108, 110, 126, 128, 144, 146, 175, 177, 206, 208, 228, 229, 230, 233], "excluded_lines": [238, 240, 241, 242, 245, 246, 249, 250, 251, 254, 255, 256, 257, 258, 259], "functions": {"DiGraphAdapter.__iter__": {"executed_lines": [], "summary": {"covered_lines": 0, "num_statements": 1, "percent_covered": 0.0, "percent_covered_display": "0", "missing_lines": 1, "excluded_lines": 0}, "missing_lines": [62], "excluded_lines": []}, "DiGraphAdapter.__setitem__": {"executed_lines": [], "summary": {"covered_lines": 0, "num_statements": 1, "percent_covered": 0.0, "percent_covered_display": "0", "missing_lines": 1, "excluded_lines": 0}, "missing_lines": [72], "excluded_lines": []}, "DiGraphAdapter.__delitem__": {"executed_lines": [], "summary": {"covered_lines": 0, "num_statements": 1, "percent_covered": 0.0, "percent_covered_display": "0", "missing_lines": 1, "excluded_lines": 0}, "missing_lines": [81], "excluded_lines": []}, "DiGraphAdapter.items": {"executed_lines": [], "summary": {"covered_lines": 0, "num_statements": 1, "percent_covered": 0.0, "percent_covered_display": "0", "missing_lines": 1, "excluded_lines": 0}, "missing_lines": [98], "excluded_lines": []}, "TinyDiGraph.cheat_node_dict": {"executed_lines": [], "summary": {"covered_lines": 0, "num_statements": 1, "percent_covered": 0.0, "percent_covered_display": "0", "missing_lines": 1, "excluded_lines": 0}, "missing_lines": [126], "excluded_lines": []}, "TinyDiGraph.cheat_adjlist_outer_dict": {"executed_lines": [], "summary": {"covered_lines": 0, "num_statements": 1, "percent_covered": 0.0, "percent_covered_display": "0", "missing_lines": 1, "excluded_lines": 0}, "missing_lines": [144], "excluded_lines": []}, "TinyDiGraph.node_dict_factory": {"executed_lines": [], "summary": {"covered_lines": 0, "num_statements": 1, "percent_covered": 0.0, "percent_covered_display": "0", "missing_lines": 1, "excluded_lines": 0}, "missing_lines": [175], "excluded_lines": []}, "TinyDiGraph.adjlist_outer_dict_factory": {"executed_lines": [], "summary": {"covered_lines": 0, "num_statements": 1, "percent_covered": 0.0, "percent_covered_display": "0", "missing_lines": 1, "excluded_lines": 0}, "missing_lines": [206], "excluded_lines": []}, "TinyDiGraph.init_nodes": {"executed_lines": [], "summary": {"covered_lines": 0, "num_statements": 4, "percent_covered": 0.0, "percent_covered_display": "0", "missing_lines": 4, "excluded_lines": 0}, "missing_lines": [228, 229, 230, 233], "excluded_lines": []}, "": {"executed_lines": [], "summary": {"covered_lines": 0, "num_statements": 15, "percent_covered": 0.0, "percent_covered_display": "0", "missing_lines": 15, "excluded_lines": 15}, "missing_lines": [48, 50, 51, 54, 55, 64, 74, 83, 101, 108, 110, 128, 146, 177, 208], "excluded_lines": [238, 240, 241, 242, 245, 246, 249, 250, 251, 254, 255, 256, 257, 258, 259]}}, "classes": {"DiGraphAdapter": {"executed_lines": [], "summary": {"covered_lines": 0, "num_statements": 4, "percent_covered": 0.0, "percent_covered_display": "0", "missing_lines": 4, "excluded_lines": 0}, "missing_lines": [62, 72, 81, 98], "excluded_lines": []}, "TinyDiGraph": {"executed_lines": [], "summary": {"covered_lines": 0, "num_statements": 8, "percent_covered": 0.0, "percent_covered_display": "0", "missing_lines": 8, "excluded_lines": 0}, "missing_lines": [126, 144, 175, 206, 228, 229, 230, 233], "excluded_lines": []}, "": {"executed_lines": [], "summary": {"covered_lines": 0, "num_statements": 15, "percent_covered": 0.0, "percent_covered_display": "0", "missing_lines": 15, "excluded_lines": 15}, "missing_lines": [48, 50, 51, 54, 55, 64, 74, 83, 101, 108, 110, 128, 146, 177, 208], "excluded_lines": [238, 240, 241, 242, 245, 246, 249, 250, 251, 254, 255, 256, 257, 258, 259]}}}}, "totals": {"covered_lines": 0, "num_statements": 283, "percent_covered": 0.0, "percent_covered_display": "0", "missing_lines": 283, "excluded_lines": 19}}
